2022-06-14 23:27:07,928 Started
2022-06-14 23:32:35,201 $L_VIF
2022-06-14 23:32:35,208 06-14-2022 23:32:34 | Location(x=36.291710, y=-70.034966, z=0.033191)$Location(x=23.471239, y=-69.962730, z=0.107364)$1#0.895,0.04,0.02,0.08,1,1
2022-06-14 23:35:18,053 $L_VIF
2022-06-14 23:35:18,055 06-14-2022 23:35:17 | Location(x=37.450027, y=-113.610298, z=0.033230)$Location(x=24.416029, y=-113.519852, z=0.106930)$2#0.861,0.09,0.03,0.04,1,1
2022-06-14 23:36:49,423 $L_VIF
2022-06-14 23:36:49,427 06-14-2022 23:36:48 | Location(x=36.174980, y=-65.722496, z=0.033713)$Location(x=23.318544, y=-65.582794, z=0.106484)$3#0.8247,0.09,0.03,0.09,1,1
2022-06-14 23:38:12,695 $L_VIF
2022-06-14 23:38:12,696 06-14-2022 23:38:11 | Location(x=35.871078, y=-54.308475, z=0.033490)$Location(x=39.793076, y=-54.210606, z=0.188847)$4#0.8953,0.03,0.02,0.09,1,1
2022-06-14 23:40:27,483 $L_VIF
2022-06-14 23:40:27,484 06-14-2022 23:40:26 | Location(x=37.044453, y=-97.068146, z=0.033483)$Location(x=-32.241917, y=-96.867462, z=0.076246)$5#0.8951,0.09,0.03,0.04,1,1
2022-06-14 23:42:31,608 $L_VIF
2022-06-14 23:42:31,609 06-14-2022 23:42:30 | Location(x=37.116554, y=-99.514969, z=0.033412)$Location(x=22.841152, y=-99.448624, z=0.105618)$6#0.8947,0.09,0.02,0.04,1,1
2022-06-14 23:44:52,431 $L_VIF
2022-06-14 23:44:52,432 06-14-2022 23:44:51 | Location(x=37.085861, y=-98.549561, z=0.033274)$Location(x=22.483725, y=-98.419220, z=0.106556)$7#0.8951,0.09,0.02,0.04,1,1
2022-06-14 23:46:22,342 $L_VIF
2022-06-14 23:46:22,343 06-14-2022 23:46:21 | Location(x=35.592770, y=-43.744434, z=0.033546)$Location(x=39.270031, y=-43.661438, z=0.147851)$8#0.8953,0.03,0.08,0.09,1,1
2022-06-14 23:49:53,223 EOS
2022-06-14 23:49:53,224 06-14-2022 23:49:52 | Location(x=38.040157, y=-134.477264, z=0.033273)$Location(x=23.915545, y=-151.649902, z=0.185785)$9#0.88,0.08,0.03,0.04,0.98,1
2022-06-14 23:52:33,673 $L_VIF
2022-06-14 23:52:33,675 06-14-2022 23:52:32 | Location(x=37.607563, y=-119.879745, z=0.033303)$Location(x=24.130348, y=-119.789391, z=0.105670)$10#0.8843,0.09,0.03,0.04,1,1
2022-06-14 23:54:47,396 $L_VIF
2022-06-14 23:54:47,397 06-14-2022 23:54:46 | Location(x=37.090309, y=-98.908356, z=0.033422)$Location(x=46.105244, y=-98.832886, z=0.146547)$11#0.8951,0.06,0.03,0.04,1,1
2022-06-14 23:55:58,919 $L_VIF
2022-06-14 23:55:58,920 06-14-2022 23:55:58 | Location(x=35.820835, y=-52.564236, z=0.033434)$Location(x=39.173241, y=-52.416512, z=0.145671)$12#0.8952,0.03,0.03,0.09,1,1
2022-06-14 23:58:11,262 $L_VIF
2022-06-14 23:58:11,263 06-14-2022 23:58:10 | Location(x=36.075989, y=-60.838902, z=0.033526)$Location(x=23.620539, y=-60.685287, z=0.106044)$13#0.8082,0.05,0.04,0.09,1,1
2022-06-14 23:59:16,520 $L_VIF
2022-06-14 23:59:16,520 06-14-2022 23:59:15 | Location(x=35.650192, y=-45.690048, z=0.033637)$Location(x=29.556513, y=-45.579750, z=0.033437)$14#0.8843,0.05,0.07,0.09,1,1
2022-06-15 00:02:54,467 EOS
2022-06-15 00:02:54,472 06-15-2022 00:02:53 | Location(x=38.078773, y=-134.505478, z=0.034021)$Location(x=69.940971, y=-155.938828, z=0.219728)$15#0.8831,0.09,0.04,0.04,0.98,1
2022-06-15 00:03:59,984 $L_VIF
2022-06-15 00:03:59,985 06-15-2022 00:03:59 | Location(x=35.693623, y=-47.675606, z=0.033663)$Location(x=39.184052, y=-47.501335, z=0.146826)$16#0.8953,0.03,0.05,0.09,1,1
2022-06-15 00:06:20,476 $L_VIF
2022-06-15 00:06:20,478 06-15-2022 00:06:19 | Location(x=37.105782, y=-98.719315, z=0.033476)$Location(x=53.329739, y=-98.697769, z=0.106477)$17#0.8953,0.09,0.02,0.04,1,1
2022-06-15 00:15:19,636 06-15-2022 00:15:19 | Location(x=36.327183, y=-70.612129, z=0.033433)$Location(x=23.675219, y=-79.143784, z=0.069931)$18#0.8951,0.09,0.02,0.08,1,1
2022-06-15 00:23:53,762 06-15-2022 00:23:53 | Location(x=36.192863, y=-66.119743, z=0.033458)$Location(x=46.521400, y=-72.313576, z=0.188109)$19#0.8951,0.09,0.0,0.09,1,1
2022-06-15 00:29:32,749 $L_VIF
2022-06-15 00:29:32,752 06-15-2022 00:29:31 | Location(x=36.410271, y=-73.315308, z=0.034428)$Location(x=23.631140, y=-73.264580, z=0.107089)$20#0.8438,0.05,0.03,0.06,1,1
2022-06-15 00:32:00,471 $L_VIF
2022-06-15 00:32:00,472 06-15-2022 00:31:59 | Location(x=37.077232, y=-97.381744, z=0.033514)$Location(x=16.639568, y=-97.283676, z=0.104988)$21#0.8895,0.09,0.04,0.04,1,1
2022-06-15 00:34:07,327 $L_VIF
2022-06-15 00:34:07,331 06-15-2022 00:34:06 | Location(x=37.163990, y=-101.240021, z=0.033696)$Location(x=23.843716, y=-101.144302, z=0.106890)$22#0.895,0.09,0.03,0.04,1,1
2022-06-15 00:36:11,341 $L_VIF
2022-06-15 00:36:11,342 06-15-2022 00:36:10 | Location(x=37.100693, y=-99.048546, z=0.033233)$Location(x=45.752708, y=-98.909576, z=0.188819)$23#0.895,0.07,0.04,0.04,1,1
2022-06-15 00:37:47,218 $L_VIF
2022-06-15 00:37:47,220 06-15-2022 00:37:46 | Location(x=36.344700, y=-72.046654, z=0.033702)$Location(x=46.919685, y=-71.932823, z=0.185859)$24#0.8952,0.09,0.02,0.07,1,1
2022-06-15 00:38:46,788 $L_VIF
2022-06-15 00:38:46,789 06-15-2022 00:38:45 | Location(x=35.765865, y=-50.526741, z=0.033684)$Location(x=39.236992, y=-50.388924, z=0.147619)$25#0.8951,0.03,0.03,0.09,1,1
2022-06-15 00:40:24,391 $L_VIF
2022-06-15 00:40:24,392 06-15-2022 00:40:23 | Location(x=36.526745, y=-76.533318, z=0.033371)$Location(x=23.159069, y=-76.451813, z=0.107160)$26#0.8947,0.08,0.02,0.04,1,1
2022-06-15 00:42:42,816 $L_VIF
2022-06-15 00:42:42,817 06-15-2022 00:42:41 | Location(x=37.099121, y=-98.879082, z=0.033228)$Location(x=46.198200, y=-98.801338, z=0.146694)$27#0.8951,0.08,0.02,0.04,1,1
2022-06-15 00:48:11,577 $L_VIF
2022-06-15 00:48:11,580 06-15-2022 00:48:10 | Location(x=36.307240, y=-70.148750, z=0.032987)$Location(x=40.182735, y=-70.109993, z=0.146129)$28#0.8945,0.03,0.04,0.08,1,1
2022-06-15 00:49:48,673 $L_VIF
2022-06-15 00:49:48,674 06-15-2022 00:49:47 | Location(x=36.287933, y=-69.562302, z=0.033206)$Location(x=23.141870, y=-69.553741, z=0.106546)$29#0.894,0.08,0.01,0.09,1,1
2022-06-15 00:52:06,257 $L_VIF
2022-06-15 00:52:06,259 06-15-2022 00:52:05 | Location(x=37.043579, y=-97.267067, z=0.033356)$Location(x=16.303358, y=-97.264381, z=0.106062)$30#0.8951,0.09,0.03,0.04,1,1
2022-06-15 00:53:43,495 $L_VIF
2022-06-15 00:53:43,496 06-15-2022 00:53:42 | Location(x=35.761913, y=-50.346390, z=0.033595)$Location(x=39.290337, y=-50.267159, z=0.148026)$31#0.8952,0.03,0.03,0.09,1,1
2022-06-15 00:59:05,024 $L_VIF
2022-06-15 00:59:05,027 06-15-2022 00:59:04 | Location(x=36.277767, y=-69.605080, z=0.032817)$Location(x=46.088783, y=-69.498306, z=0.186112)$32#0.8947,0.05,0.02,0.09,1,1
2022-06-15 01:02:38,801 EOS
2022-06-15 01:02:38,803 06-15-2022 01:02:37 | Location(x=38.045795, y=-134.546722, z=0.034780)$Location(x=10.195224, y=-193.779236, z=0.045939)$33#0.878,0.09,0.03,0.04,0.99,1
2022-06-15 01:04:02,012 $L_VIF
2022-06-15 01:04:02,016 06-15-2022 01:04:01 | Location(x=36.106300, y=-62.905640, z=0.033665)$Location(x=23.173483, y=-62.796013, z=0.087539)$34#0.8952,0.09,0.02,0.09,1,1
2022-06-15 01:06:14,595 $L_VIF
2022-06-15 01:06:14,597 06-15-2022 01:06:13 | Location(x=37.069500, y=-97.337616, z=0.033293)$Location(x=18.558105, y=-97.330566, z=0.106184)$35#0.8909,0.09,0.03,0.04,1,1
2022-06-15 01:08:14,799 $L_VIF
2022-06-15 01:08:14,800 06-15-2022 01:08:13 | Location(x=36.034260, y=-57.019428, z=0.032903)$Location(x=39.011971, y=-56.993343, z=0.090158)$36#0.889,0.03,0.02,0.09,1,1
2022-06-15 01:09:28,193 $L_VIF
2022-06-15 01:09:28,194 06-15-2022 01:09:27 | Location(x=36.121643, y=-63.540127, z=0.033081)$Location(x=23.346392, y=-63.454124, z=0.106325)$37#0.895,0.09,0.03,0.09,1,1
2022-06-15 01:10:44,131 $L_VIF
2022-06-15 01:10:44,132 06-15-2022 01:10:43 | Location(x=35.971874, y=-57.831345, z=0.033520)$Location(x=26.180353, y=-57.813503, z=0.033286)$38#0.894,0.05,0.03,0.09,1,1
2022-06-15 01:12:12,429 $L_VIF
2022-06-15 01:12:12,430 06-15-2022 01:12:11 | Location(x=36.248238, y=-68.194107, z=0.032827)$Location(x=46.841824, y=-68.048004, z=0.184888)$39#0.8949,0.09,0.02,0.09,1,1
2022-06-15 01:13:14,804 $L_VIF
2022-06-15 01:13:14,808 06-15-2022 01:13:13 | Location(x=35.646770, y=-45.832233, z=0.033646)$Location(x=39.175156, y=-45.698750, z=0.146884)$40#0.8951,0.03,0.06,0.09,1,1
2022-06-15 01:15:20,953 $L_VIF
2022-06-15 01:15:20,954 06-15-2022 01:15:20 | Location(x=36.222778, y=-67.683037, z=0.033843)$Location(x=42.297058, y=-67.558144, z=0.186151)$41#0.8953,0.04,0.0,0.09,1,1
2022-06-15 01:16:49,517 $L_VIF
2022-06-15 01:16:49,519 06-15-2022 01:16:48 | Location(x=36.194847, y=-66.424194, z=0.033680)$Location(x=23.587948, y=-66.358131, z=0.104989)$42#0.8951,0.09,0.02,0.09,1,1
2022-06-15 01:18:18,933 $L_VIF
2022-06-15 01:18:18,934 06-15-2022 01:18:18 | Location(x=36.225147, y=-67.475113, z=0.033372)$Location(x=42.670193, y=-67.373833, z=0.187041)$43#0.8952,0.06,0.02,0.09,1,1
2022-06-15 01:20:14,759 $L_VIF
2022-06-15 01:20:14,760 06-15-2022 01:20:13 | Location(x=36.351284, y=-72.085129, z=0.033269)$Location(x=46.786507, y=-72.042336, z=0.188096)$44#0.8951,0.04,0.02,0.07,1,1
2022-06-15 01:21:17,077 $L_VIF
2022-06-15 01:21:17,078 06-15-2022 01:21:16 | Location(x=35.772243, y=-50.699051, z=0.033268)$Location(x=39.426147, y=-50.630077, z=0.147561)$45#0.895,0.03,0.02,0.09,1,1
2022-06-15 01:23:42,993 $L_VIF
2022-06-15 01:23:42,995 06-15-2022 01:23:42 | Location(x=37.085560, y=-97.438866, z=0.033415)$Location(x=15.152186, y=-97.371300, z=0.105939)$46#0.8685,0.09,0.04,0.04,1,1
2022-06-15 01:27:28,025 $L_VIF
2022-06-15 01:27:28,027 06-15-2022 01:27:27 | Location(x=36.052876, y=-60.758938, z=0.033178)$Location(x=23.435734, y=-60.618740, z=0.107329)$47#0.8946000000000001,0.04,0.05,0.09,1,1
2022-06-15 01:28:51,805 $L_VIF
2022-06-15 01:28:51,806 06-15-2022 01:28:50 | Location(x=36.330349, y=-71.324760, z=0.033636)$Location(x=23.184126, y=-71.271431, z=0.106232)$48#0.895,0.09,0.02,0.07,1,1
2022-06-15 01:34:04,977 $L_VIF
2022-06-15 01:34:04,980 06-15-2022 01:34:04 | Location(x=35.981800, y=-58.033066, z=0.033325)$Location(x=40.543610, y=-57.975567, z=0.185119)$49#0.8941,0.04,0.05,0.09,1,1
2022-06-15 01:36:23,374 $L_VIF
2022-06-15 01:36:23,376 06-15-2022 01:36:22 | Location(x=37.079674, y=-97.421997, z=0.033235)$Location(x=12.976001, y=-97.406219, z=0.106116)$50#0.8853,0.07,0.03,0.04,1,1
2022-06-15 01:37:48,443 $L_VIF
2022-06-15 01:37:48,444 06-15-2022 01:37:47 | Location(x=36.045433, y=-60.592617, z=0.033119)$Location(x=23.609766, y=-60.588226, z=0.070277)$51#0.8953,0.09,0.01,0.09,1,1
2022-06-15 01:40:21,166 $L_VIF
2022-06-15 01:40:21,168 06-15-2022 01:40:20 | Location(x=37.370575, y=-110.490204, z=0.033501)$Location(x=24.313227, y=-110.475868, z=0.106260)$52#0.8854,0.09,0.03,0.04,1,1
2022-06-15 01:41:38,582 $L_VIF
2022-06-15 01:41:38,583 06-15-2022 01:41:37 | Location(x=35.886753, y=-55.032646, z=0.033211)$Location(x=39.392052, y=-54.997635, z=0.147488)$53#0.8953,0.03,0.03,0.09,1,1
2022-06-15 01:47:29,565 $L_VIF
2022-06-15 01:47:29,568 06-15-2022 01:47:28 | Location(x=36.752434, y=-77.398178, z=0.033387)$Location(x=23.540966, y=-77.297279, z=0.107227)$54#0.7837000000000001,0.05,0.01,0.04,1,1
2022-06-15 01:54:54,405 EOS
2022-06-15 01:54:54,409 06-15-2022 01:54:53 | Location(x=38.027039, y=-134.509232, z=0.033298)$Location(x=66.033577, y=-156.953400, z=0.216050)$55#0.8746,0.08,0.02,0.04,0.99,1
2022-06-15 02:00:34,937 $L_VIF
2022-06-15 02:00:34,940 06-15-2022 02:00:34 | Location(x=36.501888, y=-75.624611, z=0.033550)$Location(x=41.133774, y=-75.484528, z=0.187474)$56#0.8951,0.04,0.02,0.05,1,1
2022-06-15 02:07:07,248 $L_VIF
2022-06-15 02:07:07,251 06-15-2022 02:07:06 | Location(x=37.578926, y=-118.710419, z=0.033385)$Location(x=24.551420, y=-118.600945, z=0.107353)$57#0.8785000000000001,0.03,0.02,0.04,1,1
2022-06-15 02:09:09,064 $L_VIF
2022-06-15 02:09:09,065 06-15-2022 02:09:08 | Location(x=37.058811, y=-97.593094, z=0.033427)$Location(x=-8.196152, y=-97.505669, z=0.106741)$58#0.895,0.09,0.03,0.04,1,1
2022-06-15 02:11:34,249 $L_VIF
2022-06-15 02:11:34,250 06-15-2022 02:11:33 | Location(x=36.131180, y=-63.987724, z=0.033406)$Location(x=24.031233, y=-63.853252, z=0.070271)$59#0.8953,0.05,0.04,0.09,1,1
2022-06-15 02:15:03,429 EOS
2022-06-15 02:15:03,431 06-15-2022 02:15:02 | Location(x=38.055367, y=-134.555038, z=0.034658)$Location(x=44.185863, y=-176.978271, z=0.185232)$60#0.8951,0.09,0.03,0.04,0.99,1
2022-06-15 02:18:29,797 EOS
2022-06-15 02:18:29,802 06-15-2022 02:18:28 | Location(x=38.053047, y=-134.507660, z=0.034222)$Location(x=37.594849, y=-210.852509, z=0.033926)$61#0.8797,0.09,0.03,0.04,0.98,1
2022-06-15 02:19:46,236 $L_VIF
2022-06-15 02:19:46,240 06-15-2022 02:19:45 | Location(x=35.874756, y=-54.468918, z=0.033664)$Location(x=39.683331, y=-54.399242, z=0.153119)$62#0.8953,0.03,0.01,0.09,1,1
2022-06-15 02:21:27,664 $L_VIF
2022-06-15 02:21:27,668 06-15-2022 02:21:26 | Location(x=36.334000, y=-71.160919, z=0.033730)$Location(x=22.918392, y=-71.029778, z=0.146903)$63#0.8951,0.09,0.04,0.07,1,1
2022-06-15 02:23:15,999 $L_VIF
2022-06-15 02:23:16,000 06-15-2022 02:23:15 | Location(x=36.464371, y=-75.699913, z=0.033489)$Location(x=41.400162, y=-75.648514, z=0.186201)$64#0.8947,0.04,0.01,0.05,1,1
2022-06-15 02:25:29,503 $L_VIF
2022-06-15 02:25:29,505 06-15-2022 02:25:28 | Location(x=37.057507, y=-97.465088, z=0.033295)$Location(x=15.792361, y=-97.321777, z=0.106412)$65#0.8952,0.09,0.03,0.04,1,1
2022-06-15 02:27:07,905 $L_VIF
2022-06-15 02:27:07,907 06-15-2022 02:27:07 | Location(x=36.507557, y=-75.573357, z=0.033486)$Location(x=41.717163, y=-75.491386, z=0.187360)$66#0.8951,0.04,0.03,0.05,1,1
2022-06-15 02:29:23,999 $L_VIF
2022-06-15 02:29:24,000 06-15-2022 02:29:23 | Location(x=35.872322, y=-54.557278, z=0.033454)$Location(x=38.521584, y=-54.423359, z=0.109382)$67#0.895,0.02,0.06,0.09,1,1
2022-06-15 02:31:14,183 $L_VIF
2022-06-15 02:31:14,188 06-15-2022 02:31:13 | Location(x=35.599220, y=-44.041996, z=0.033100)$Location(x=39.236248, y=-44.006947, z=0.146564)$68#0.8936,0.03,0.07,0.09,1,1
2022-06-15 02:32:41,937 $L_VIF
2022-06-15 02:32:41,938 06-15-2022 02:32:41 | Location(x=36.240044, y=-68.153122, z=0.033509)$Location(x=40.838116, y=-68.149178, z=0.186071)$69#0.8952,0.04,0.02,0.09,1,1
2022-06-15 02:34:11,861 $L_VIF
2022-06-15 02:34:11,863 06-15-2022 02:34:10 | Location(x=36.220467, y=-67.472588, z=0.034195)$Location(x=42.426971, y=-67.353371, z=0.189006)$70#0.8953,0.05,0.02,0.09,1,1
2022-06-15 02:35:35,076 $L_VIF
2022-06-15 02:35:35,077 06-15-2022 02:35:34 | Location(x=36.094463, y=-62.500027, z=0.033416)$Location(x=41.641220, y=-62.440990, z=0.185162)$71#0.8952,0.05,0.02,0.09,1,1
2022-06-15 02:37:41,659 $L_VIF
2022-06-15 02:37:41,660 06-15-2022 02:37:40 | Location(x=37.059479, y=-97.450760, z=0.033393)$Location(x=12.303903, y=-97.313019, z=0.104185)$72#0.8947,0.08,0.03,0.04,1,1
2022-06-15 02:40:33,696 $L_VIF
2022-06-15 02:40:33,698 06-15-2022 02:40:32 | Location(x=37.822792, y=-128.107391, z=0.033475)$Location(x=23.876459, y=-128.045166, z=0.146407)$73#0.7689,0.09,0.02,0.04,1,1
2022-06-15 02:42:58,660 $L_VIF
2022-06-15 02:42:58,661 06-15-2022 02:42:57 | Location(x=37.262447, y=-105.440407, z=0.033377)$Location(x=23.733538, y=-105.314423, z=0.106621)$74#0.8762,0.08,0.03,0.04,1,1
2022-06-15 02:45:13,331 $L_VIF
2022-06-15 02:45:13,332 06-15-2022 02:45:12 | Location(x=37.054958, y=-97.295799, z=0.033386)$Location(x=56.835014, y=-97.275185, z=0.070834)$75#0.8953,0.09,0.02,0.04,1,1
2022-06-15 02:47:16,986 $L_VIF
2022-06-15 02:47:16,990 06-15-2022 02:47:16 | Location(x=37.052170, y=-97.539940, z=0.033484)$Location(x=21.545010, y=-97.453903, z=0.105675)$76#0.8952,0.09,0.02,0.04,1,1
2022-06-15 02:48:39,195 $L_VIF
2022-06-15 02:48:39,199 06-15-2022 02:48:38 | Location(x=35.757851, y=-50.083500, z=0.033444)$Location(x=22.529694, y=-49.919502, z=0.107082)$77#0.8939,0.05,0.02,0.09,1,1
2022-06-15 02:50:16,238 $D_VIF
2022-06-15 02:50:16,239 06-15-2022 02:50:15 | Location(x=36.460148, y=-71.501923, z=0.033197)$Location(x=-32.586658, y=-83.498779, z=0.033871)$78#0.8953,0.07,0.02,0.07,1,1
2022-06-15 02:51:47,749 $L_VIF
2022-06-15 02:51:47,749 06-15-2022 02:51:46 | Location(x=36.234440, y=-67.875656, z=0.033387)$Location(x=43.170033, y=-67.703400, z=0.188781)$79#0.8953,0.06,0.01,0.09,1,1
2022-06-15 02:57:47,090 $L_VIF
2022-06-15 02:57:47,096 06-15-2022 02:57:46 | Location(x=36.224834, y=-67.404900, z=0.034410)$Location(x=41.980797, y=-67.393112, z=0.185572)$80#0.8953,0.03,0.08,0.09,1,1
2022-06-15 03:01:29,127 EOS
2022-06-15 03:01:29,129 06-15-2022 03:01:28 | Location(x=38.100601, y=-134.467285, z=0.032901)$Location(x=48.399643, y=-193.215439, z=0.037542)$81#0.8838,0.09,0.02,0.04,0.98,1
2022-06-15 03:02:52,310 $L_VIF
2022-06-15 03:02:52,311 06-15-2022 03:02:51 | Location(x=36.165012, y=-65.272423, z=0.033793)$Location(x=23.291512, y=-65.182678, z=0.105017)$82#0.8953,0.09,0.03,0.09,1,1
2022-06-15 03:04:15,637 $L_VIF
2022-06-15 03:04:15,637 06-15-2022 03:04:14 | Location(x=36.113194, y=-63.226429, z=0.033516)$Location(x=23.191494, y=-63.166645, z=0.094861)$83#0.8953,0.09,0.02,0.09,1,1
2022-06-15 03:11:39,773 EOS
2022-06-15 03:11:39,780 06-15-2022 03:11:38 | Location(x=38.053604, y=-134.646606, z=0.034979)$Location(x=22.903070, y=-210.869919, z=0.036564)$84#0.8751,0.04,0.02,0.04,0.99,1
2022-06-15 03:12:59,785 $L_VIF
2022-06-15 03:12:59,786 06-15-2022 03:12:58 | Location(x=36.198025, y=-66.736420, z=0.033425)$Location(x=41.479218, y=-66.636078, z=0.185552)$85#0.8952,0.05,0.02,0.09,1,1
2022-06-15 03:14:38,192 $L_VIF
2022-06-15 03:14:38,193 06-15-2022 03:14:37 | Location(x=36.232632, y=-67.856201, z=0.032771)$Location(x=46.199951, y=-67.749313, z=0.187762)$86#0.8953,0.09,0.03,0.09,1,1
2022-06-15 03:15:42,550 $L_VIF
2022-06-15 03:15:42,551 06-15-2022 03:15:41 | Location(x=35.698093, y=-47.766850, z=0.033556)$Location(x=32.078178, y=-47.670280, z=0.033459)$87#0.895,0.03,0.05,0.09,1,1
2022-06-15 03:21:47,319 $L_VIF
2022-06-15 03:21:47,325 06-15-2022 03:21:46 | Location(x=37.049969, y=-97.374275, z=0.033496)$Location(x=17.780193, y=-97.279411, z=0.105365)$88#0.8952,0.04,0.01,0.04,1,1
2022-06-15 03:23:53,357 $L_VIF
2022-06-15 03:23:53,359 06-15-2022 03:23:52 | Location(x=37.086094, y=-97.386436, z=0.033368)$Location(x=17.643824, y=-97.258842, z=0.105291)$89#0.8796,0.09,0.03,0.04,1,1
2022-06-15 03:25:34,952 $L_VIF
2022-06-15 03:25:34,953 06-15-2022 03:25:34 | Location(x=36.210987, y=-67.266113, z=0.032687)$Location(x=23.552738, y=-67.262672, z=0.100211)$90#0.8953,0.09,0.03,0.09,1,1
